<?xml version="1.0" encoding="UTF-8"?>
<!-- Generated by org.testng.reporters.JUnitReportReporter -->
<testsuite hostname="DESKTOP-NFJ0132" name="restAPITests.POST_request" tests="1" failures="0" timestamp="2 Jul 2020 12:06:28 GMT" time="4.827" errors="0">
  <testcase name="RegistrationSuccessful" time="4.827" classname="restAPITests.POST_request"/>
</testsuite> <!-- restAPITests.POST_request -->
