<?xml version="1.0" encoding="UTF-8"?>
<!-- Generated by org.testng.reporters.JUnitReportReporter -->
<testsuite hostname="DESKTOP-NFJ0132" name="restAPITests.Validate_Status_Code" tests="1" failures="0" timestamp="2 Jul 2020 10:51:09 GMT" time="3.663" errors="0">
  <testcase name="GetEmployeeDetails" time="3.663" classname="restAPITests.Validate_Status_Code"/>
</testsuite> <!-- restAPITests.Validate_Status_Code -->
