<?xml version="1.0" encoding="UTF-8"?>
<!-- Generated by org.testng.reporters.JUnitReportReporter -->
<testsuite hostname="DESKTOP-NFJ0132" name="restAPITests.Read_Json_ResponseBody" tests="1" failures="0" timestamp="2 Jul 2020 11:18:31 GMT" time="4.471" errors="0">
  <testcase name="EmployeeBody" time="4.471" classname="restAPITests.Read_Json_ResponseBody"/>
</testsuite> <!-- restAPITests.Read_Json_ResponseBody -->
