<?xml version="1.0" encoding="UTF-8"?>
<!-- Generated by org.testng.reporters.JUnitReportReporter -->
<testsuite hostname="DESKTOP-NFJ0132" name="restAPITests.Validate_Error_Status_Code_Assert" tests="1" failures="0" timestamp="2 Jul 2020 10:56:48 GMT" time="4.343" errors="0">
  <testcase name="GetEmployeeDetailsInvalidEndpoint" time="4.343" classname="restAPITests.Validate_Error_Status_Code_Assert"/>
</testsuite> <!-- restAPITests.Validate_Error_Status_Code_Assert -->
