<?xml version="1.0" encoding="UTF-8"?>
<!-- Generated by org.testng.reporters.JUnitReportReporter -->
<testsuite hostname="DESKTOP-NFJ0132" name="restAPITests.Request_With_Query_Parameters" tests="1" failures="0" timestamp="2 Jul 2020 11:39:49 GMT" time="4.080" errors="0">
  <testcase name="queryParameter" time="4.080" classname="restAPITests.Request_With_Query_Parameters"/>
</testsuite> <!-- restAPITests.Request_With_Query_Parameters -->
