<?xml version="1.0" encoding="UTF-8"?>
<!-- Generated by org.testng.reporters.JUnitReportReporter -->
<testsuite hostname="DESKTOP-NFJ0132" name="restAPITests.PUT_Request" tests="1" failures="0" timestamp="2 Jul 2020 12:05:42 GMT" time="4.290" errors="0">
  <testcase name="UpdateRecords" time="4.290" classname="restAPITests.PUT_Request"/>
</testsuite> <!-- restAPITests.PUT_Request -->
