<?xml version="1.0" encoding="UTF-8"?>
<!-- Generated by org.testng.reporters.JUnitReportReporter -->
<testsuite hostname="DESKTOP-NFJ0132" name="restAPITests.Validate_Response_Headers" tests="1" failures="0" timestamp="2 Jul 2020 11:13:02 GMT" time="3.874" errors="0">
  <testcase name="GetEmployeeHeaders" time="3.874" classname="restAPITests.Validate_Response_Headers"/>
</testsuite> <!-- restAPITests.Validate_Response_Headers -->
