<?xml version="1.0" encoding="UTF-8"?>
<!-- Generated by org.testng.reporters.JUnitReportReporter -->
<testsuite hostname="DESKTOP-NFJ0132" name="restAPITests.Validate_Status_Line" tests="1" failures="0" timestamp="2 Jul 2020 10:59:24 GMT" time="3.841" errors="0">
  <testcase name="GetEmployeeDetails" time="3.841" classname="restAPITests.Validate_Status_Line"/>
</testsuite> <!-- restAPITests.Validate_Status_Line -->
