<?xml version="1.0" encoding="UTF-8"?>
<!-- Generated by org.testng.reporters.JUnitReportReporter -->
<testsuite hostname="DESKTOP-NFJ0132" name="restAPITests.SimpleGetTest" tests="1" failures="0" timestamp="2 Jul 2020 10:48:10 GMT" time="3.260" errors="0">
  <testcase name="GetWeatherDetails" time="3.260" classname="restAPITests.SimpleGetTest"/>
</testsuite> <!-- restAPITests.SimpleGetTest -->
