<?xml version="1.0" encoding="UTF-8"?>
<!-- Generated by org.testng.reporters.JUnitReportReporter -->
<testsuite hostname="DESKTOP-NFJ0132" name="restAPITests.Validate_Json_ResponseBody" tests="1" failures="0" timestamp="2 Jul 2020 11:24:04 GMT" time="3.879" errors="0">
  <testcase name="EmployeeBody" time="3.879" classname="restAPITests.Validate_Json_ResponseBody"/>
</testsuite> <!-- restAPITests.Validate_Json_ResponseBody -->
