<?xml version="1.0" encoding="UTF-8"?>
<!-- Generated by org.testng.reporters.JUnitReportReporter -->
<testsuite hostname="DESKTOP-NFJ0132" name="restAPITests.Print_All_Headers" tests="1" failures="0" timestamp="2 Jul 2020 11:06:51 GMT" time="5.495" errors="0">
  <testcase name="IteratingOverHeaders" time="5.495" classname="restAPITests.Print_All_Headers"/>
</testsuite> <!-- restAPITests.Print_All_Headers -->
